info A dev server is already running for this project on port 8081.
'"adb"' is not recognized as an internal or external command,
operable program or batch file.
info Launching emulator...
error Failed to launch emulator. Reason: No emulators found as an output of `emulator -list-avds`.
warn Please launch an emulator manually or connect a device. Otherwise app may fail to launch.
info Installing the app...
> Task :gradle-plugin:settings-plugin:checkKotlinGradlePluginConfigurationErrors
> Task :gradle-plugin:shared:checkKotlinGradlePluginConfigurationErrors
> Task :gradle-plugin:shared:compileKotlin UP-TO-DATE
> Task :gradle-plugin:shared:compileJava NO-SOURCE
> Task :gradle-plugin:shared:processResources NO-SOURCE
> Task :gradle-plugin:shared:classes UP-TO-DATE
> Task :gradle-plugin:shared:jar UP-TO-DATE
> Task :gradle-plugin:settings-plugin:compileKotlin UP-TO-DATE
> Task :gradle-plugin:settings-plugin:compileJava NO-SOURCE
> Task :gradle-plugin:settings-plugin:pluginDescriptors UP-TO-DATE
> Task :gradle-plugin:settings-plugin:processResources UP-TO-DATE
> Task :gradle-plugin:settings-plugin:classes UP-TO-DATE
> Task :gradle-plugin:settings-plugin:jar UP-TO-DATE
> Task :gradle-plugin:react-native-gradle-plugin:checkKotlinGradlePluginConfigurationErrors
> Task :gradle-plugin:react-native-gradle-plugin:compileKotlin UP-TO-DATE
> Task :gradle-plugin:react-native-gradle-plugin:compileJava NO-SOURCE
> Task :gradle-plugin:react-native-gradle-plugin:pluginDescriptors UP-TO-DATE
> Task :gradle-plugin:react-native-gradle-plugin:processResources UP-TO-DATE
> Task :gradle-plugin:react-native-gradle-plugin:classes UP-TO-DATE
> Task :gradle-plugin:react-native-gradle-plugin:jar UP-TO-DATE
13 actionable tasks: 3 executed, 10 up-to-date

info ðŸ’¡ Tip: Make sure that you have set up your development environment correctly, by running npx react-native doctor. To read more about doctor command visit: https://github.com/react-native-community/cli/blob/main/packages/cli-doctor/README.md#doctor 


FAILURE: Build failed with an exception.

* Where:
Build file 'C:\Projects\sbe-android\node_modules\react-native-reanimated\android\build.gradle' line: 342

* What went wrong:
A problem occurred evaluating project ':react-native-reanimated'.
> [Reanimated] `react-native-worklets` library not found. Please install it as a dependency in your project. Install `react-native-worklets` with your package manager, i.e. `yarn add react-native-worklets` or `npm i react-native-worklets`. Read the documentation for more details: https://docs.swmansion.com/react-native-reanimated/docs/guides/troubleshooting#unable-to-find-a-specification-for-rnworklets-depended-upon-by-rnreanimated

* Try:
> Run with --stacktrace option to get the stack trace.
> Run with --info or --debug option to get more log output.
> Run with --scan to get full insights.
> Get more help at https://help.gradle.org.

BUILD FAILED in 2s
error Failed to install the app. Command failed with exit code 1: gradlew.bat app:installDebug -PreactNativeDevServerPort=8081 FAILURE: Build failed with an exception. * Where: Build file 'C:\Projects\sbe-android\node_modules\react-native-reanimated\android\build.gradle' line: 342 * What went wrong: A problem occurred evaluating project ':react-native-reanimated'. > [Reanimated] `react-native-worklets` library not found. Please install it as a dependency in your project. Install `react-native-worklets` with your package manager, i.e. `yarn add react-native-worklets` or `npm i react-native-worklets`. Read the documentation for more details: https://docs.swmansion.com/react-native-reanimated/docs/guides/troubleshooting#unable-to-find-a-specification-for-rnworklets-depended-upon-by-rnreanimated * Try: > Run with --stacktrace option to get the stack trace. > Run with --info or --debug option to get more log output. > Run with --scan to get full insights. > Get more help at https://help.gradle.org. BUILD FAILED in 2s.
info Run CLI with --verbose flag for more details.
